Depth  Name                                      #Inst  Area (um^2)
-------------------------------------------------------------------
0      SYS_TOP                                   1331   19889.7601 
1      U1_mux2X1                                 1      16.4738    
1      U0_bit_sync                               2      65.8952    
1      U0_CLK_GATE                               1      57.6583    
1      U0_RST_SYNC                               4      78.8389    
1      U0_ALU                                    435    5448.121   
1      U0_UART                                   229    2959.4005  
1      U3_mux2X1                                 1      11.767     
1      U0_mux2X1                                 1      14.1204    
1      U0_ref_sync                               22     480.0936   
1      U1_uart_sync                              22     480.0936   
1      U0_RegFile                                358    6989.598   
1      U5_mux2X1                                 1      16.4738    
1      U0_SYS_CTRL                               174    2073.3454  
1      U2_mux2X1                                 1      14.1204    
1      U0_ClkDiv                                 44     515.3946   
1      U1_RST_SYNC                               3      69.4253    
1      U4_mux2X1                                 1      16.4738    
2      U0_ALU/div_52                             82     1374.3856  
2      U0_ALU/add_43                             9      231.8099   
2      U0_SYS_CTRL/U0_CTRL_RX                    138    1745.0461  
2      U0_UART/U0_UART_RX                        139    1637.9664  
2      U0_ALU/sub_46                             11     237.6934   
2      U0_ALU/mult_49                            169    2067.4619  
2      U0_SYS_CTRL/U0_CTRL_TX                    36     328.2993   
2      U0_UART/U0_UART_TX                        90     1321.4341  
3      U0_UART/U0_UART_RX/U0_stp_chk             3      44.7146    
3      U0_UART/U0_UART_TX/U0_mux                 7      67.0719    
3      U0_UART/U0_UART_RX/U0_data_sampling       39     405.9615   
3      U0_UART/U0_UART_RX/U0_strt_chk            2      44.7146    
3      U0_UART/U0_UART_TX/U0_Serializer          39     543.6354   
3      U0_UART/U0_UART_RX/U0_par_chk             9      143.5574   
3      U0_ALU/mult_49/FS_1                       27     205.9225   
3      U0_UART/U0_UART_RX/U0_edge_bit_counter    28     354.1867   
3      U0_UART/U0_UART_TX/U0_fsm                 20     221.2196   
3      U0_UART/U0_UART_TX/U0_parity_calc         24     489.5072   
3      U0_UART/U0_UART_RX/U0_deserializer        25     357.7168   
3      U0_UART/U0_UART_RX/U0_uart_fsm            33     287.1148   
